[2024-11-27 02:46:46] DEBUG: Database connection established
Context: []
Trace: [
    {
        "file": "C:\\xampp\\htdocs\\Space\\admin_operations\\error_logger.php",
        "line": 76,
        "function": "logError",
        "class": "ErrorLogger",
        "type": "->"
    },
    {
        "file": "C:\\xampp\\htdocs\\Space\\admin_operations\\save_mood.php",
        "line": 67,
        "function": "logDebug",
        "class": "ErrorLogger",
        "type": "->"
    }
]
--------------------------------------------------------------------------------
[2024-11-27 02:46:46] DATABASE_ERROR: Failed to log to database: SQLSTATE[42S22]: Column not found: 1054 Unknown column 'user_id' in 'field list'
[2024-11-27 02:46:46] DEBUG: Preparing insert
Context: {
    "moodlog_id": "MOOD-0018",
    "data": {
        "selected_emoji": "\ud83d\ude0a,\ud83d\ude20,\ud83d\ude20,\ud83d\ude0c,\ud83d\ude28",
        "mood_name": "Happy,Angry,Angry,Calm,Fearful",
        "description": "At sa paglisan ng araw, akala'y 'di ka mahal\r\nAt ang nadarama'y hindi magtatagal\r\nMalay ko bang hindi magpapagal\r\nIibigin kita kahit ga'no pa katagal\r\nTumingin ka sa 'king mga mata\r\nAt hindi mo na kailangan pang\r\nMagtanong nang paulit-ulit\r\nIkaw lang ang iniibig .... At sa paglisan ng araw, akala'y 'di ka mahal\r\nAt ang nadarama'y hindi magtatagal\r\nMalay ko bang hindi magpapagal\r\nIibigin kita kahit ga'no pa katagal\r\nTumingin ka sa 'king mga mata\r\nAt hindi mo na kailangan pang\r\nMagtanong nang paulit-ulit\r\nIkaw lang ang iniibig...."
    }
}
Trace: [
    {
        "file": "C:\\xampp\\htdocs\\Space\\admin_operations\\error_logger.php",
        "line": 76,
        "function": "logError",
        "class": "ErrorLogger",
        "type": "->"
    },
    {
        "file": "C:\\xampp\\htdocs\\Space\\admin_operations\\save_mood.php",
        "line": 90,
        "function": "logDebug",
        "class": "ErrorLogger",
        "type": "->"
    }
]
--------------------------------------------------------------------------------
[2024-11-27 02:46:46] DATABASE_ERROR: Failed to log to database: SQLSTATE[42S22]: Column not found: 1054 Unknown column 'user_id' in 'field list'
[2024-11-27 02:46:46] INFO: Insert successful
Context: {
    "moodlog_id": "MOOD-0018",
    "rows_affected": 1
}
Trace: [
    {
        "file": "C:\\xampp\\htdocs\\Space\\admin_operations\\error_logger.php",
        "line": 80,
        "function": "logError",
        "class": "ErrorLogger",
        "type": "->"
    },
    {
        "file": "C:\\xampp\\htdocs\\Space\\admin_operations\\save_mood.php",
        "line": 115,
        "function": "logInfo",
        "class": "ErrorLogger",
        "type": "->"
    }
]
--------------------------------------------------------------------------------
[2024-11-27 02:46:46] DATABASE_ERROR: Failed to log to database: SQLSTATE[42S22]: Column not found: 1054 Unknown column 'user_id' in 'field list'
[2024-11-27 05:14:37] DEBUG: Database connection established
Context: []
Trace: [
    {
        "file": "C:\\xampp\\htdocs\\Space\\admin_operations\\error_logger.php",
        "line": 76,
        "function": "logError",
        "class": "ErrorLogger",
        "type": "->"
    },
    {
        "file": "C:\\xampp\\htdocs\\Space\\admin_operations\\save_mood.php",
        "line": 82,
        "function": "logDebug",
        "class": "ErrorLogger",
        "type": "->"
    }
]
--------------------------------------------------------------------------------
[2024-11-27 05:14:37] DATABASE_ERROR: Failed to log to database: SQLSTATE[42S22]: Column not found: 1054 Unknown column 'user_id' in 'field list'
[2024-11-27 05:14:37] DEBUG: Preparing insert
Context: {
    "moodlog_id": "MOOD-0019",
    "data": {
        "selected_emoji": "\u2639\ufe0f,\u2639\ufe0f,\ud83d\ude20,\ud83d\ude0d,\ud83d\ude14",
        "mood_name": "Sad,Sad,Angry,Love,Disappointed",
        "description": "'Today was an absolutely fantastic day. I woke up feeling refreshed and ready to tackle any challenges that came my way. The sun was shining brightly, and there was a gentle breeze that made the weather perfect. I spent the morning working on a project that I am truly passionate about, and everything seemed to flow effortlessly. In the afternoon, I met up with some friends for lunch, and we had a great time catching up and sharing stories. The food was delicious, and the company was even better. Later in the evening, I went for a walk in the park, enjoying the beautiful scenery and reflecting on how grateful I am for all the positive things in my life. Overall, it was a day filled with joy, laughter, and meaningful moments that I will cherish."
    }
}
Trace: [
    {
        "file": "C:\\xampp\\htdocs\\Space\\admin_operations\\error_logger.php",
        "line": 76,
        "function": "logError",
        "class": "ErrorLogger",
        "type": "->"
    },
    {
        "file": "C:\\xampp\\htdocs\\Space\\admin_operations\\save_mood.php",
        "line": 105,
        "function": "logDebug",
        "class": "ErrorLogger",
        "type": "->"
    }
]
--------------------------------------------------------------------------------
[2024-11-27 05:14:37] DATABASE_ERROR: Failed to log to database: SQLSTATE[42S22]: Column not found: 1054 Unknown column 'user_id' in 'field list'
[2024-11-27 05:14:37] INFO: Insert successful
Context: {
    "moodlog_id": "MOOD-0019",
    "rows_affected": 1
}
Trace: [
    {
        "file": "C:\\xampp\\htdocs\\Space\\admin_operations\\error_logger.php",
        "line": 80,
        "function": "logError",
        "class": "ErrorLogger",
        "type": "->"
    },
    {
        "file": "C:\\xampp\\htdocs\\Space\\admin_operations\\save_mood.php",
        "line": 130,
        "function": "logInfo",
        "class": "ErrorLogger",
        "type": "->"
    }
]
--------------------------------------------------------------------------------
[2024-11-27 05:14:37] DATABASE_ERROR: Failed to log to database: SQLSTATE[42S22]: Column not found: 1054 Unknown column 'user_id' in 'field list'
[2024-11-28 01:52:04] DEBUG: Database connection established
Context: []
Trace: [
    {
        "file": "C:\\xampp\\htdocs\\Space\\admin_operations\\error_logger.php",
        "line": 76,
        "function": "logError",
        "class": "ErrorLogger",
        "type": "->"
    },
    {
        "file": "C:\\xampp\\htdocs\\Space\\admin_operations\\save_mood.php",
        "line": 82,
        "function": "logDebug",
        "class": "ErrorLogger",
        "type": "->"
    }
]
--------------------------------------------------------------------------------
[2024-11-28 01:52:04] DATABASE_ERROR: Failed to log to database: SQLSTATE[42S22]: Column not found: 1054 Unknown column 'user_id' in 'field list'
[2024-11-28 01:52:04] DEBUG: Preparing insert
Context: {
    "moodlog_id": "MOOD-0020",
    "data": {
        "selected_emoji": "\u2639\ufe0f,\ud83d\ude0a,\ud83d\ude0a,\ud83d\ude0c,\ud83d\ude28",
        "mood_name": "Sad,Happy,Happy,Calm,Fearful",
        "description": "jusko pooooooooo ........... jusko pooooooooo ........... jusko pooooooooo ........... jusko pooooooooo ........... jusko pooooooooo ........... jusko pooooooooo ........... jusko pooooooooo ........... jusko pooooooooo ........... jusko pooooooooo ........... jusko pooooooooo ........... jusko pooooooooo ........... jusko pooooooooo ........... jusko pooooooooo ........... "
    }
}
Trace: [
    {
        "file": "C:\\xampp\\htdocs\\Space\\admin_operations\\error_logger.php",
        "line": 76,
        "function": "logError",
        "class": "ErrorLogger",
        "type": "->"
    },
    {
        "file": "C:\\xampp\\htdocs\\Space\\admin_operations\\save_mood.php",
        "line": 105,
        "function": "logDebug",
        "class": "ErrorLogger",
        "type": "->"
    }
]
--------------------------------------------------------------------------------
[2024-11-28 01:52:04] DATABASE_ERROR: Failed to log to database: SQLSTATE[42S22]: Column not found: 1054 Unknown column 'user_id' in 'field list'
[2024-11-28 01:52:04] INFO: Insert successful
Context: {
    "moodlog_id": "MOOD-0020",
    "rows_affected": 1
}
Trace: [
    {
        "file": "C:\\xampp\\htdocs\\Space\\admin_operations\\error_logger.php",
        "line": 80,
        "function": "logError",
        "class": "ErrorLogger",
        "type": "->"
    },
    {
        "file": "C:\\xampp\\htdocs\\Space\\admin_operations\\save_mood.php",
        "line": 130,
        "function": "logInfo",
        "class": "ErrorLogger",
        "type": "->"
    }
]
--------------------------------------------------------------------------------
[2024-11-28 01:52:04] DATABASE_ERROR: Failed to log to database: SQLSTATE[42S22]: Column not found: 1054 Unknown column 'user_id' in 'field list'
[2024-11-28 01:54:58] DEBUG: Database connection established
Context: []
Trace: [
    {
        "file": "C:\\xampp\\htdocs\\Space\\admin_operations\\error_logger.php",
        "line": 76,
        "function": "logError",
        "class": "ErrorLogger",
        "type": "->"
    },
    {
        "file": "C:\\xampp\\htdocs\\Space\\admin_operations\\save_mood.php",
        "line": 82,
        "function": "logDebug",
        "class": "ErrorLogger",
        "type": "->"
    }
]
--------------------------------------------------------------------------------
[2024-11-28 01:54:58] DATABASE_ERROR: Failed to log to database: SQLSTATE[42S22]: Column not found: 1054 Unknown column 'user_id' in 'field list'
[2024-11-28 01:54:58] DEBUG: Preparing insert
Context: {
    "moodlog_id": "MOOD-0021",
    "data": {
        "selected_emoji": "\ud83d\ude20,\ud83d\ude0d,\ud83d\ude15,\ud83d\ude0c,\ud83d\ude28",
        "mood_name": "Angry,Love,Confused,Calm,Fearful",
        "description": "Today didn\\'t go as I had planned. I woke up feeling a bit under the weather, and things just seemed to spiral from there. I had an important meeting scheduled, but due to unforeseen circumstances, it got canceled at the last minute. I had prepared extensively for it, so it was quite disheartening. In the afternoon, I tried to catch up on some work, but I found it hard to focus. My mind kept wandering, and I couldn\\'t shake off this lingering sense of disappointment. I wanted to be productive, but it felt like everything was working against me. Later, I decided to take a break and go for a walk, hoping it would clear my head. While the fresh air helped a bit, I still couldn\\'t fully shake off the feeling. I\\'m hoping tomorrow will be a better day, and that I\\'ll find the motivation to move past today\\'s setbacks."
    }
}
Trace: [
    {
        "file": "C:\\xampp\\htdocs\\Space\\admin_operations\\error_logger.php",
        "line": 76,
        "function": "logError",
        "class": "ErrorLogger",
        "type": "->"
    },
    {
        "file": "C:\\xampp\\htdocs\\Space\\admin_operations\\save_mood.php",
        "line": 105,
        "function": "logDebug",
        "class": "ErrorLogger",
        "type": "->"
    }
]
--------------------------------------------------------------------------------
[2024-11-28 01:54:58] DATABASE_ERROR: Failed to log to database: SQLSTATE[42S22]: Column not found: 1054 Unknown column 'user_id' in 'field list'
[2024-11-28 01:54:58] INFO: Insert successful
Context: {
    "moodlog_id": "MOOD-0021",
    "rows_affected": 1
}
Trace: [
    {
        "file": "C:\\xampp\\htdocs\\Space\\admin_operations\\error_logger.php",
        "line": 80,
        "function": "logError",
        "class": "ErrorLogger",
        "type": "->"
    },
    {
        "file": "C:\\xampp\\htdocs\\Space\\admin_operations\\save_mood.php",
        "line": 130,
        "function": "logInfo",
        "class": "ErrorLogger",
        "type": "->"
    }
]
--------------------------------------------------------------------------------
[2024-11-28 01:54:58] DATABASE_ERROR: Failed to log to database: SQLSTATE[42S22]: Column not found: 1054 Unknown column 'user_id' in 'field list'
[2024-11-29 08:07:00] DEBUG: Database connection established
Context: []
Trace: [
    {
        "file": "C:\\xampp\\htdocs\\Space\\admin_operations\\error_logger.php",
        "line": 76,
        "function": "logError",
        "class": "ErrorLogger",
        "type": "->"
    },
    {
        "file": "C:\\xampp\\htdocs\\Space\\admin_operations\\save_mood.php",
        "line": 82,
        "function": "logDebug",
        "class": "ErrorLogger",
        "type": "->"
    }
]
--------------------------------------------------------------------------------
[2024-11-29 08:07:00] DATABASE_ERROR: Failed to log to database: SQLSTATE[42S22]: Column not found: 1054 Unknown column 'user_id' in 'field list'
[2024-11-29 08:07:00] DEBUG: Preparing insert
Context: {
    "moodlog_id": "MOOD-0001",
    "data": {
        "selected_emoji": "\ud83d\ude0a,\u2639\ufe0f,\ud83d\ude20,\ud83d\ude0c,\ud83d\ude28",
        "mood_name": "Happy,Sad,Angry,Calm,Fearful",
        "description": "'Today was an absolutely fantastic day. I woke up feeling refreshed and ready to tackle any challenges that came my way. The sun was shining brightly, and there was a gentle breeze that made the weather perfect. I spent the morning working on a project that I am truly passionate about, and everything seemed to flow effortlessly. In the afternoon, I met up with some friends for lunch, and we had a great time catching up and sharing stories. The food was delicious, and the company was even better. Later in the evening, I went for a walk in the park, enjoying the beautiful scenery and reflecting on how grateful I am for all the positive things in my life. Overall, it was a day filled with joy, laughter, and meaningful moments that I will cherish."
    }
}
Trace: [
    {
        "file": "C:\\xampp\\htdocs\\Space\\admin_operations\\error_logger.php",
        "line": 76,
        "function": "logError",
        "class": "ErrorLogger",
        "type": "->"
    },
    {
        "file": "C:\\xampp\\htdocs\\Space\\admin_operations\\save_mood.php",
        "line": 107,
        "function": "logDebug",
        "class": "ErrorLogger",
        "type": "->"
    }
]
--------------------------------------------------------------------------------
[2024-11-29 08:07:00] DATABASE_ERROR: Failed to log to database: SQLSTATE[42S22]: Column not found: 1054 Unknown column 'user_id' in 'field list'
[2024-11-29 08:07:01] INFO: Insert successful
Context: {
    "moodlog_id": "MOOD-0001",
    "rows_affected": 1
}
Trace: [
    {
        "file": "C:\\xampp\\htdocs\\Space\\admin_operations\\error_logger.php",
        "line": 80,
        "function": "logError",
        "class": "ErrorLogger",
        "type": "->"
    },
    {
        "file": "C:\\xampp\\htdocs\\Space\\admin_operations\\save_mood.php",
        "line": 132,
        "function": "logInfo",
        "class": "ErrorLogger",
        "type": "->"
    }
]
--------------------------------------------------------------------------------
[2024-11-29 08:07:01] DATABASE_ERROR: Failed to log to database: SQLSTATE[42S22]: Column not found: 1054 Unknown column 'user_id' in 'field list'
[2024-11-29 09:29:26] DEBUG: Database connection established
Context: []
Trace: [
    {
        "file": "C:\\xampp\\htdocs\\Space\\admin_operations\\error_logger.php",
        "line": 76,
        "function": "logError",
        "class": "ErrorLogger",
        "type": "->"
    },
    {
        "file": "C:\\xampp\\htdocs\\Space\\admin_operations\\save_mood.php",
        "line": 82,
        "function": "logDebug",
        "class": "ErrorLogger",
        "type": "->"
    }
]
--------------------------------------------------------------------------------
[2024-11-29 09:29:26] DATABASE_ERROR: Failed to log to database: SQLSTATE[42S22]: Column not found: 1054 Unknown column 'user_id' in 'field list'
[2024-11-29 09:29:26] DEBUG: Preparing insert
Context: {
    "moodlog_id": "MOOD-0001",
    "data": {
        "selected_emoji": "\ud83d\ude0a,\u2639\ufe0f,\ud83d\ude14,\ud83d\ude15,\ud83d\ude34",
        "mood_name": "Happy,Sad,Disappointed,Confused,Tired",
        "description": "Today was an absolutely fantastic day. I woke up feeling refreshed and ready to tackle any challenges that came my way. The sun was shining brightly, and there was a gentle breeze that made the weather perfect. I spent the morning working on a project that I am truly passionate about, and everything seemed to flow effortlessly. In the afternoon, I met up with some friends for lunch, and we had a great time catching up and sharing stories. The food was delicious, and the company was even better. Later in the evening, I went for a walk in the park, enjoying the beautiful scenery and reflecting on how grateful I am for all the positive things in my life. Overall, it was a day filled with joy, laughter, and meaningful moments that I will cherish"
    }
}
Trace: [
    {
        "file": "C:\\xampp\\htdocs\\Space\\admin_operations\\error_logger.php",
        "line": 76,
        "function": "logError",
        "class": "ErrorLogger",
        "type": "->"
    },
    {
        "file": "C:\\xampp\\htdocs\\Space\\admin_operations\\save_mood.php",
        "line": 105,
        "function": "logDebug",
        "class": "ErrorLogger",
        "type": "->"
    }
]
--------------------------------------------------------------------------------
[2024-11-29 09:29:26] DATABASE_ERROR: Failed to log to database: SQLSTATE[42S22]: Column not found: 1054 Unknown column 'user_id' in 'field list'
[2024-11-29 09:29:26] INFO: Insert successful
Context: {
    "moodlog_id": "MOOD-0001",
    "rows_affected": 1
}
Trace: [
    {
        "file": "C:\\xampp\\htdocs\\Space\\admin_operations\\error_logger.php",
        "line": 80,
        "function": "logError",
        "class": "ErrorLogger",
        "type": "->"
    },
    {
        "file": "C:\\xampp\\htdocs\\Space\\admin_operations\\save_mood.php",
        "line": 130,
        "function": "logInfo",
        "class": "ErrorLogger",
        "type": "->"
    }
]
--------------------------------------------------------------------------------
[2024-11-29 09:29:26] DATABASE_ERROR: Failed to log to database: SQLSTATE[42S22]: Column not found: 1054 Unknown column 'user_id' in 'field list'
[2024-11-30 02:55:11] DEBUG: Database connection established
Context: []
Trace: [
    {
        "file": "C:\\xampp\\htdocs\\Space\\admin_operations\\error_logger.php",
        "line": 76,
        "function": "logError",
        "class": "ErrorLogger",
        "type": "->"
    },
    {
        "file": "C:\\xampp\\htdocs\\Space\\admin_operations\\save_mood.php",
        "line": 82,
        "function": "logDebug",
        "class": "ErrorLogger",
        "type": "->"
    }
]
--------------------------------------------------------------------------------
[2024-11-30 02:55:11] DATABASE_ERROR: Failed to log to database: SQLSTATE[42S22]: Column not found: 1054 Unknown column 'user_id' in 'field list'
[2024-11-30 02:55:11] DEBUG: Preparing insert
Context: {
    "moodlog_id": "MOOD-0002",
    "data": {
        "selected_emoji": "\u2639\ufe0f,\ud83d\ude20,\ud83d\ude0d,\ud83d\ude0a,\ud83d\ude15",
        "mood_name": "Sad,Angry,Love,Happy,Confused",
        "description": "Today didn\\'t go as I had planned. I woke up feeling a bit under the weather, and things just seemed to spiral from there. I had an important meeting scheduled, but due to unforeseen circumstances, it got canceled at the last minute. I had prepared extensively for it, so it was quite disheartening. In the afternoon, I tried to catch up on some work, but I found it hard to focus. My mind kept wandering, and I couldn\\'t shake off this lingering sense of disappointment. I wanted to be productive, but it felt like everything was working against me. Later, I decided to take a break and go for a walk, hoping it would clear my head. While the fresh air helped a bit, I still couldn\\'t fully shake off the feeling. I\\'m hoping tomorrow will be a better day, and that I\\'ll find the motivation to move past today\\'s setbacks."
    }
}
Trace: [
    {
        "file": "C:\\xampp\\htdocs\\Space\\admin_operations\\error_logger.php",
        "line": 76,
        "function": "logError",
        "class": "ErrorLogger",
        "type": "->"
    },
    {
        "file": "C:\\xampp\\htdocs\\Space\\admin_operations\\save_mood.php",
        "line": 105,
        "function": "logDebug",
        "class": "ErrorLogger",
        "type": "->"
    }
]
--------------------------------------------------------------------------------
[2024-11-30 02:55:11] DATABASE_ERROR: Failed to log to database: SQLSTATE[42S22]: Column not found: 1054 Unknown column 'user_id' in 'field list'
[2024-11-30 02:55:11] INFO: Insert successful
Context: {
    "moodlog_id": "MOOD-0002",
    "rows_affected": 1
}
Trace: [
    {
        "file": "C:\\xampp\\htdocs\\Space\\admin_operations\\error_logger.php",
        "line": 80,
        "function": "logError",
        "class": "ErrorLogger",
        "type": "->"
    },
    {
        "file": "C:\\xampp\\htdocs\\Space\\admin_operations\\save_mood.php",
        "line": 130,
        "function": "logInfo",
        "class": "ErrorLogger",
        "type": "->"
    }
]
--------------------------------------------------------------------------------
[2024-11-30 02:55:11] DATABASE_ERROR: Failed to log to database: SQLSTATE[42S22]: Column not found: 1054 Unknown column 'user_id' in 'field list'
[2024-11-30 10:01:08] DEBUG: Database connection established
Context: []
Trace: [
    {
        "file": "C:\\xampp\\htdocs\\Space\\admin_operations\\error_logger.php",
        "line": 76,
        "function": "logError",
        "class": "ErrorLogger",
        "type": "->"
    },
    {
        "file": "C:\\xampp\\htdocs\\Space\\admin_operations\\save_mood.php",
        "line": 82,
        "function": "logDebug",
        "class": "ErrorLogger",
        "type": "->"
    }
]
--------------------------------------------------------------------------------
[2024-11-30 10:01:08] DATABASE_ERROR: Failed to log to database: SQLSTATE[42S22]: Column not found: 1054 Unknown column 'user_id' in 'field list'
[2024-11-30 10:01:08] DEBUG: Preparing insert
Context: {
    "moodlog_id": "MOOD-0003",
    "data": {
        "selected_emoji": "\u2639\ufe0f,\ud83d\ude20,\ud83d\ude0c,\ud83d\ude28,\ud83d\ude0d",
        "mood_name": "Sad,Angry,Calm,Fearful,Love",
        "description": "Today was a day of deep reflection for me. I spent a significant amount of time pondering over some of the big questions in life. I revisited some of my past decisions, considering how they have shaped my current path. Reading an insightful book in the morning sparked a chain of thoughts about my personal growth and the direction I want to take moving forward. In the afternoon, I sat by the window, watching the world go by, and contemplated the interconnectedness of our experiences. The evening was filled with quiet meditation, allowing me to process my thoughts and emotions. I feel that this introspective day has provided me with clarity and a renewed sense of purpose. It\\'s incredible how taking the time to think deeply can lead to personal revelations and a better understanding of oneself"
    }
}
Trace: [
    {
        "file": "C:\\xampp\\htdocs\\Space\\admin_operations\\error_logger.php",
        "line": 76,
        "function": "logError",
        "class": "ErrorLogger",
        "type": "->"
    },
    {
        "file": "C:\\xampp\\htdocs\\Space\\admin_operations\\save_mood.php",
        "line": 105,
        "function": "logDebug",
        "class": "ErrorLogger",
        "type": "->"
    }
]
--------------------------------------------------------------------------------
[2024-11-30 10:01:08] DATABASE_ERROR: Failed to log to database: SQLSTATE[42S22]: Column not found: 1054 Unknown column 'user_id' in 'field list'
[2024-11-30 10:01:08] INFO: Insert successful
Context: {
    "moodlog_id": "MOOD-0003",
    "rows_affected": 1
}
Trace: [
    {
        "file": "C:\\xampp\\htdocs\\Space\\admin_operations\\error_logger.php",
        "line": 80,
        "function": "logError",
        "class": "ErrorLogger",
        "type": "->"
    },
    {
        "file": "C:\\xampp\\htdocs\\Space\\admin_operations\\save_mood.php",
        "line": 130,
        "function": "logInfo",
        "class": "ErrorLogger",
        "type": "->"
    }
]
--------------------------------------------------------------------------------
[2024-11-30 10:01:08] DATABASE_ERROR: Failed to log to database: SQLSTATE[42S22]: Column not found: 1054 Unknown column 'user_id' in 'field list'
[2024-12-01 01:46:52] DEBUG: Database connection established
Context: []
Trace: [
    {
        "file": "C:\\xampp\\htdocs\\Space\\admin_operations\\error_logger.php",
        "line": 76,
        "function": "logError",
        "class": "ErrorLogger",
        "type": "->"
    },
    {
        "file": "C:\\xampp\\htdocs\\Space\\admin_operations\\save_mood.php",
        "line": 82,
        "function": "logDebug",
        "class": "ErrorLogger",
        "type": "->"
    }
]
--------------------------------------------------------------------------------
[2024-12-01 01:46:52] DATABASE_ERROR: Failed to log to database: SQLSTATE[42S22]: Column not found: 1054 Unknown column 'user_id' in 'field list'
[2024-12-01 01:46:52] DEBUG: Preparing insert
Context: {
    "moodlog_id": "MOOD-0004",
    "data": {
        "selected_emoji": "\ud83d\ude0d,\u2639\ufe0f,\ud83d\ude28,\ud83d\ude15,\ud83e\udd14",
        "mood_name": "Love,Sad,Fearful,Confused,Thoughtful",
        "description": "Today was filled with warmth and affection. I reconnected with an old friend, and we spent hours reminiscing about the good old days. It reminded me of how valuable deep connections are. Later, I spent time with family, sharing stories and laughter over a homemade meal. The love and support from my loved ones made me feel incredibly fortunate. In the evening, I watched a heartfelt movie that touched me deeply, reinforcing the importance of love in our lives. Moments like these make me appreciate the relationships I have and inspire me to nurture them further. I am ending the day with a full heart, grateful for the love that surrounds me"
    }
}
Trace: [
    {
        "file": "C:\\xampp\\htdocs\\Space\\admin_operations\\error_logger.php",
        "line": 76,
        "function": "logError",
        "class": "ErrorLogger",
        "type": "->"
    },
    {
        "file": "C:\\xampp\\htdocs\\Space\\admin_operations\\save_mood.php",
        "line": 105,
        "function": "logDebug",
        "class": "ErrorLogger",
        "type": "->"
    }
]
--------------------------------------------------------------------------------
[2024-12-01 01:46:52] DATABASE_ERROR: Failed to log to database: SQLSTATE[42S22]: Column not found: 1054 Unknown column 'user_id' in 'field list'
[2024-12-01 01:46:52] INFO: Insert successful
Context: {
    "moodlog_id": "MOOD-0004",
    "rows_affected": 1
}
Trace: [
    {
        "file": "C:\\xampp\\htdocs\\Space\\admin_operations\\error_logger.php",
        "line": 80,
        "function": "logError",
        "class": "ErrorLogger",
        "type": "->"
    },
    {
        "file": "C:\\xampp\\htdocs\\Space\\admin_operations\\save_mood.php",
        "line": 130,
        "function": "logInfo",
        "class": "ErrorLogger",
        "type": "->"
    }
]
--------------------------------------------------------------------------------
[2024-12-01 01:46:52] DATABASE_ERROR: Failed to log to database: SQLSTATE[42S22]: Column not found: 1054 Unknown column 'user_id' in 'field list'
[2024-12-01 22:28:20] DEBUG: Database connection established
Context: []
Trace: [
    {
        "file": "C:\\xampp\\htdocs\\Space\\admin_operations\\error_logger.php",
        "line": 76,
        "function": "logError",
        "class": "ErrorLogger",
        "type": "->"
    },
    {
        "file": "C:\\xampp\\htdocs\\Space\\admin_operations\\save_mood.php",
        "line": 82,
        "function": "logDebug",
        "class": "ErrorLogger",
        "type": "->"
    }
]
--------------------------------------------------------------------------------
[2024-12-01 22:28:20] DATABASE_ERROR: Failed to log to database: SQLSTATE[42S22]: Column not found: 1054 Unknown column 'user_id' in 'field list'
[2024-12-01 22:28:20] DEBUG: Preparing insert
Context: {
    "moodlog_id": "MOOD-0005",
    "data": {
        "selected_emoji": "\ud83d\ude20,\ud83d\ude14,\ud83d\ude0c,\ud83e\udd14,\ud83d\ude14",
        "mood_name": "Angry,Disappointed,Calm,Thoughtful,Disappointed",
        "description": "'Today was exhausting, both mentally and physically. Work was particularly demanding, with tight deadlines and an overwhelming amount of tasks to complete. I had back-to-back meetings that left little time for breaks, and by the afternoon, I could feel my energy levels depleting. Despite the fatigue, I pushed through to finish my responsibilities. On my way home, I could barely keep my eyes open on the bus. Once I arrived, I skipped dinner and headed straight to bed. I recognize that I\\'ve been overexerting myself lately and need to prioritize rest. Hopefully, a good night\\'s sleep will restore my energy, and I can approach tomorrow with renewed vigor\r\n"
    }
}
Trace: [
    {
        "file": "C:\\xampp\\htdocs\\Space\\admin_operations\\error_logger.php",
        "line": 76,
        "function": "logError",
        "class": "ErrorLogger",
        "type": "->"
    },
    {
        "file": "C:\\xampp\\htdocs\\Space\\admin_operations\\save_mood.php",
        "line": 105,
        "function": "logDebug",
        "class": "ErrorLogger",
        "type": "->"
    }
]
--------------------------------------------------------------------------------
[2024-12-01 22:28:20] DATABASE_ERROR: Failed to log to database: SQLSTATE[42S22]: Column not found: 1054 Unknown column 'user_id' in 'field list'
[2024-12-01 22:28:20] INFO: Insert successful
Context: {
    "moodlog_id": "MOOD-0005",
    "rows_affected": 1
}
Trace: [
    {
        "file": "C:\\xampp\\htdocs\\Space\\admin_operations\\error_logger.php",
        "line": 80,
        "function": "logError",
        "class": "ErrorLogger",
        "type": "->"
    },
    {
        "file": "C:\\xampp\\htdocs\\Space\\admin_operations\\save_mood.php",
        "line": 130,
        "function": "logInfo",
        "class": "ErrorLogger",
        "type": "->"
    }
]
--------------------------------------------------------------------------------
[2024-12-01 22:28:20] DATABASE_ERROR: Failed to log to database: SQLSTATE[42S22]: Column not found: 1054 Unknown column 'user_id' in 'field list'
[2024-12-02 09:50:08] DEBUG: Database connection established
Context: []
Trace: [
    {
        "file": "C:\\xampp\\htdocs\\Space\\admin_operations\\error_logger.php",
        "line": 76,
        "function": "logError",
        "class": "ErrorLogger",
        "type": "->"
    },
    {
        "file": "C:\\xampp\\htdocs\\Space\\admin_operations\\save_mood.php",
        "line": 82,
        "function": "logDebug",
        "class": "ErrorLogger",
        "type": "->"
    }
]
--------------------------------------------------------------------------------
[2024-12-02 09:50:08] DATABASE_ERROR: Failed to log to database: SQLSTATE[42S22]: Column not found: 1054 Unknown column 'user_id' in 'field list'
[2024-12-02 09:50:08] DEBUG: Preparing insert
Context: {
    "moodlog_id": "MOOD-0006",
    "data": {
        "selected_emoji": "\ud83d\ude20,\ud83d\ude14,\ud83d\ude15,\ud83d\ude28,\ud83e\udd14",
        "mood_name": "Angry,Disappointed,Confused,Fearful,Thoughtful",
        "description": "Today left me feeling quite perplexed. I was presented with a decision at work that has significant implications for my future, and I\\'m not sure which path to take. Both options have their pros and cons, and I\\'ve been weighing them all day without coming any closer to a conclusion. I sought advice from colleagues and friends, but their opinions were just as varied, leaving me even more uncertain. In the evening, I tried to distract myself by watching a movie, but my mind kept drifting back to the dilemma. I know I need to make a choice soon, but I\\'m hoping that sleeping on it will provide some clarity. Decisions like these are never easy, and I want to make sure I consider all factors before proceeding."
    }
}
Trace: [
    {
        "file": "C:\\xampp\\htdocs\\Space\\admin_operations\\error_logger.php",
        "line": 76,
        "function": "logError",
        "class": "ErrorLogger",
        "type": "->"
    },
    {
        "file": "C:\\xampp\\htdocs\\Space\\admin_operations\\save_mood.php",
        "line": 105,
        "function": "logDebug",
        "class": "ErrorLogger",
        "type": "->"
    }
]
--------------------------------------------------------------------------------
[2024-12-02 09:50:08] DATABASE_ERROR: Failed to log to database: SQLSTATE[42S22]: Column not found: 1054 Unknown column 'user_id' in 'field list'
[2024-12-02 09:50:08] INFO: Insert successful
Context: {
    "moodlog_id": "MOOD-0006",
    "rows_affected": 1
}
Trace: [
    {
        "file": "C:\\xampp\\htdocs\\Space\\admin_operations\\error_logger.php",
        "line": 80,
        "function": "logError",
        "class": "ErrorLogger",
        "type": "->"
    },
    {
        "file": "C:\\xampp\\htdocs\\Space\\admin_operations\\save_mood.php",
        "line": 130,
        "function": "logInfo",
        "class": "ErrorLogger",
        "type": "->"
    }
]
--------------------------------------------------------------------------------
[2024-12-02 09:50:08] DATABASE_ERROR: Failed to log to database: SQLSTATE[42S22]: Column not found: 1054 Unknown column 'user_id' in 'field list'
[2024-12-02 14:14:32] DEBUG: Database connection established
Context: []
Trace: [
    {
        "file": "C:\\xampp\\htdocs\\Space\\admin_operations\\error_logger.php",
        "line": 76,
        "function": "logError",
        "class": "ErrorLogger",
        "type": "->"
    },
    {
        "file": "C:\\xampp\\htdocs\\Space\\admin_operations\\save_mood.php",
        "line": 82,
        "function": "logDebug",
        "class": "ErrorLogger",
        "type": "->"
    }
]
--------------------------------------------------------------------------------
[2024-12-02 14:14:32] DATABASE_ERROR: Failed to log to database: SQLSTATE[42S22]: Column not found: 1054 Unknown column 'user_id' in 'field list'
[2024-12-02 14:14:32] DEBUG: Preparing insert
Context: {
    "moodlog_id": "MOOD-0007",
    "data": {
        "selected_emoji": "\ud83d\ude0c,\ud83d\ude14,\ud83d\ude20,\ud83d\ude34,\ud83d\ude15",
        "mood_name": "Calm,Disappointed,Angry,Tired,Confused",
        "description": "To tackle the concerns stated at the summary, the \"Space\" platform aims to offer a comprehensive web-based mental health therapy system explicitly tailored for BSU Lipa Campus students. This platform incorporates features that facilitate convenient, secure, and confidential access to mental health support, empowering students to effectively manage their mental health needs. "
    }
}
Trace: [
    {
        "file": "C:\\xampp\\htdocs\\Space\\admin_operations\\error_logger.php",
        "line": 76,
        "function": "logError",
        "class": "ErrorLogger",
        "type": "->"
    },
    {
        "file": "C:\\xampp\\htdocs\\Space\\admin_operations\\save_mood.php",
        "line": 105,
        "function": "logDebug",
        "class": "ErrorLogger",
        "type": "->"
    }
]
--------------------------------------------------------------------------------
[2024-12-02 14:14:32] DATABASE_ERROR: Failed to log to database: SQLSTATE[42S22]: Column not found: 1054 Unknown column 'user_id' in 'field list'
[2024-12-02 14:14:32] INFO: Insert successful
Context: {
    "moodlog_id": "MOOD-0007",
    "rows_affected": 1
}
Trace: [
    {
        "file": "C:\\xampp\\htdocs\\Space\\admin_operations\\error_logger.php",
        "line": 80,
        "function": "logError",
        "class": "ErrorLogger",
        "type": "->"
    },
    {
        "file": "C:\\xampp\\htdocs\\Space\\admin_operations\\save_mood.php",
        "line": 130,
        "function": "logInfo",
        "class": "ErrorLogger",
        "type": "->"
    }
]
--------------------------------------------------------------------------------
[2024-12-02 14:14:32] DATABASE_ERROR: Failed to log to database: SQLSTATE[42S22]: Column not found: 1054 Unknown column 'user_id' in 'field list'
[2024-12-02 17:00:47] DEBUG: Database connection established
Context: []
Trace: [
    {
        "file": "C:\\xampp\\htdocs\\Space\\admin_operations\\error_logger.php",
        "line": 76,
        "function": "logError",
        "class": "ErrorLogger",
        "type": "->"
    },
    {
        "file": "C:\\xampp\\htdocs\\Space\\admin_operations\\save_mood.php",
        "line": 82,
        "function": "logDebug",
        "class": "ErrorLogger",
        "type": "->"
    }
]
--------------------------------------------------------------------------------
[2024-12-02 17:00:47] DATABASE_ERROR: Failed to log to database: SQLSTATE[42S22]: Column not found: 1054 Unknown column 'user_id' in 'field list'
[2024-12-02 17:00:47] DEBUG: Preparing insert
Context: {
    "moodlog_id": "MOOD-0008",
    "data": {
        "selected_emoji": "\ud83d\ude20,\ud83d\ude15,\ud83d\ude0c,\ud83d\ude15,\ud83d\ude0c",
        "mood_name": "Angry,Confused,Calm,Confused,Calm",
        "description": " SAMPLE .............. SAMPLE .............. SAMPLE .............. SAMPLE .............. SAMPLE .............. SAMPLE .............. SAMPLE .............. SAMPLE .............. SAMPLE .............. SAMPLE .............. SAMPLE .............. SAMPLE .............. SAMPLE .............. SAMPLE .............. SAMPLE .............. SAMPLE .............. SAMPLE .............. SAMPLE .............. SAMPLE .............. SAMPLE .............. SAMPLE .............. SAMPLE .............. SAMPLE .............. SAMPLE .............. SAMPLE .............. SAMPLE .............. SAMPLE .............. "
    }
}
Trace: [
    {
        "file": "C:\\xampp\\htdocs\\Space\\admin_operations\\error_logger.php",
        "line": 76,
        "function": "logError",
        "class": "ErrorLogger",
        "type": "->"
    },
    {
        "file": "C:\\xampp\\htdocs\\Space\\admin_operations\\save_mood.php",
        "line": 105,
        "function": "logDebug",
        "class": "ErrorLogger",
        "type": "->"
    }
]
--------------------------------------------------------------------------------
[2024-12-02 17:00:47] DATABASE_ERROR: Failed to log to database: SQLSTATE[42S22]: Column not found: 1054 Unknown column 'user_id' in 'field list'
[2024-12-02 17:00:47] INFO: Insert successful
Context: {
    "moodlog_id": "MOOD-0008",
    "rows_affected": 1
}
Trace: [
    {
        "file": "C:\\xampp\\htdocs\\Space\\admin_operations\\error_logger.php",
        "line": 80,
        "function": "logError",
        "class": "ErrorLogger",
        "type": "->"
    },
    {
        "file": "C:\\xampp\\htdocs\\Space\\admin_operations\\save_mood.php",
        "line": 130,
        "function": "logInfo",
        "class": "ErrorLogger",
        "type": "->"
    }
]
--------------------------------------------------------------------------------
[2024-12-02 17:00:47] DATABASE_ERROR: Failed to log to database: SQLSTATE[42S22]: Column not found: 1054 Unknown column 'user_id' in 'field list'
[2024-12-03 21:02:07] DEBUG: Database connection established
Context: []
Trace: [
    {
        "file": "C:\\xampp\\htdocs\\Space\\admin_operations\\error_logger.php",
        "line": 76,
        "function": "logError",
        "class": "ErrorLogger",
        "type": "->"
    },
    {
        "file": "C:\\xampp\\htdocs\\Space\\admin_operations\\save_mood.php",
        "line": 82,
        "function": "logDebug",
        "class": "ErrorLogger",
        "type": "->"
    }
]
--------------------------------------------------------------------------------
[2024-12-03 21:02:07] DATABASE_ERROR: Failed to log to database: SQLSTATE[42S22]: Column not found: 1054 Unknown column 'user_id' in 'field list'
[2024-12-03 21:02:07] DEBUG: Preparing insert
Context: {
    "moodlog_id": "MOOD-0009",
    "data": {
        "selected_emoji": "\u2639\ufe0f,\ud83d\ude0a,\ud83d\ude20,\ud83d\ude0c,\ud83d\ude28",
        "mood_name": "Sad,Happy,Angry,Calm,Fearful",
        "description": "luhhhhhhhhhhhhhhhhhhhhhhhhh .... luhhhhhhhhhhhhhhhhhhhhhhhhh .... luhhhhhhhhhhhhhhhhhhhhhhhhh .... luhhhhhhhhhhhhhhhhhhhhhhhhh .... luhhhhhhhhhhhhhhhhhhhhhhhhh .... luhhhhhhhhhhhhhhhhhhhhhhhhh .... luhhhhhhhhhhhhhhhhhhhhhhhhh .... luhhhhhhhhhhhhhhhhhhhhhhhhh .... luhhhhhhhhhhhhhhhhhhhhhhhhh .... luhhhhhhhhhhhhhhhhhhhhhhhhh .... luhhhhhhhhhhhhhhhhhhhhhhhhh .... luhhhhhhhhhhhhhhhhhhhhhhhhh .... "
    }
}
Trace: [
    {
        "file": "C:\\xampp\\htdocs\\Space\\admin_operations\\error_logger.php",
        "line": 76,
        "function": "logError",
        "class": "ErrorLogger",
        "type": "->"
    },
    {
        "file": "C:\\xampp\\htdocs\\Space\\admin_operations\\save_mood.php",
        "line": 105,
        "function": "logDebug",
        "class": "ErrorLogger",
        "type": "->"
    }
]
--------------------------------------------------------------------------------
[2024-12-03 21:02:07] DATABASE_ERROR: Failed to log to database: SQLSTATE[42S22]: Column not found: 1054 Unknown column 'user_id' in 'field list'
[2024-12-03 21:02:07] INFO: Insert successful
Context: {
    "moodlog_id": "MOOD-0009",
    "rows_affected": 1
}
Trace: [
    {
        "file": "C:\\xampp\\htdocs\\Space\\admin_operations\\error_logger.php",
        "line": 80,
        "function": "logError",
        "class": "ErrorLogger",
        "type": "->"
    },
    {
        "file": "C:\\xampp\\htdocs\\Space\\admin_operations\\save_mood.php",
        "line": 130,
        "function": "logInfo",
        "class": "ErrorLogger",
        "type": "->"
    }
]
--------------------------------------------------------------------------------
[2024-12-03 21:02:07] DATABASE_ERROR: Failed to log to database: SQLSTATE[42S22]: Column not found: 1054 Unknown column 'user_id' in 'field list'
[2024-12-04 23:03:46] DEBUG: Database connection established
Context: []
Trace: [
    {
        "file": "C:\\xampp\\htdocs\\Space\\admin_operations\\error_logger.php",
        "line": 76,
        "function": "logError",
        "class": "ErrorLogger",
        "type": "->"
    },
    {
        "file": "C:\\xampp\\htdocs\\Space\\admin_operations\\save_mood.php",
        "line": 82,
        "function": "logDebug",
        "class": "ErrorLogger",
        "type": "->"
    }
]
--------------------------------------------------------------------------------
[2024-12-04 23:03:46] DATABASE_ERROR: Failed to log to database: SQLSTATE[42S22]: Column not found: 1054 Unknown column 'user_id' in 'field list'
[2024-12-04 23:03:46] DEBUG: Preparing insert
Context: {
    "moodlog_id": "MOOD-0009",
    "data": {
        "selected_emoji": "\ud83d\ude0a",
        "mood_name": "Happy",
        "description": "nice very nice............... skdjsafdhkshfh nice very nice............... skdjsafdhkshfh nice very nice............... skdjsafdhkshfh "
    }
}
Trace: [
    {
        "file": "C:\\xampp\\htdocs\\Space\\admin_operations\\error_logger.php",
        "line": 76,
        "function": "logError",
        "class": "ErrorLogger",
        "type": "->"
    },
    {
        "file": "C:\\xampp\\htdocs\\Space\\admin_operations\\save_mood.php",
        "line": 105,
        "function": "logDebug",
        "class": "ErrorLogger",
        "type": "->"
    }
]
--------------------------------------------------------------------------------
[2024-12-04 23:03:46] DATABASE_ERROR: Failed to log to database: SQLSTATE[42S22]: Column not found: 1054 Unknown column 'user_id' in 'field list'
[2024-12-04 23:03:46] INFO: Insert successful
Context: {
    "moodlog_id": "MOOD-0009",
    "rows_affected": 1
}
Trace: [
    {
        "file": "C:\\xampp\\htdocs\\Space\\admin_operations\\error_logger.php",
        "line": 80,
        "function": "logError",
        "class": "ErrorLogger",
        "type": "->"
    },
    {
        "file": "C:\\xampp\\htdocs\\Space\\admin_operations\\save_mood.php",
        "line": 130,
        "function": "logInfo",
        "class": "ErrorLogger",
        "type": "->"
    }
]
--------------------------------------------------------------------------------
[2024-12-04 23:03:46] DATABASE_ERROR: Failed to log to database: SQLSTATE[42S22]: Column not found: 1054 Unknown column 'user_id' in 'field list'
[2024-12-05 22:58:27] DEBUG: Database connection established
Context: []
Trace: [
    {
        "file": "C:\\xampp\\htdocs\\Space\\admin_operations\\error_logger.php",
        "line": 76,
        "function": "logError",
        "class": "ErrorLogger",
        "type": "->"
    },
    {
        "file": "C:\\xampp\\htdocs\\Space\\admin_operations\\save_mood.php",
        "line": 82,
        "function": "logDebug",
        "class": "ErrorLogger",
        "type": "->"
    }
]
--------------------------------------------------------------------------------
[2024-12-05 22:58:27] DATABASE_ERROR: Failed to log to database: SQLSTATE[42S22]: Column not found: 1054 Unknown column 'user_id' in 'field list'
[2024-12-05 22:58:27] DEBUG: Preparing insert
Context: {
    "moodlog_id": "MOOD-0010",
    "data": {
        "selected_emoji": "\ud83d\ude20",
        "mood_name": "Angry",
        "description": " jusko ........... jusko ........... jusko ........... jusko ........... jusko ........... jusko ........... jusko ........... jusko ........... jusko ........... jusko ........... jusko ........... "
    }
}
Trace: [
    {
        "file": "C:\\xampp\\htdocs\\Space\\admin_operations\\error_logger.php",
        "line": 76,
        "function": "logError",
        "class": "ErrorLogger",
        "type": "->"
    },
    {
        "file": "C:\\xampp\\htdocs\\Space\\admin_operations\\save_mood.php",
        "line": 105,
        "function": "logDebug",
        "class": "ErrorLogger",
        "type": "->"
    }
]
--------------------------------------------------------------------------------
[2024-12-05 22:58:27] DATABASE_ERROR: Failed to log to database: SQLSTATE[42S22]: Column not found: 1054 Unknown column 'user_id' in 'field list'
[2024-12-05 22:58:27] INFO: Insert successful
Context: {
    "moodlog_id": "MOOD-0010",
    "rows_affected": 1
}
Trace: [
    {
        "file": "C:\\xampp\\htdocs\\Space\\admin_operations\\error_logger.php",
        "line": 80,
        "function": "logError",
        "class": "ErrorLogger",
        "type": "->"
    },
    {
        "file": "C:\\xampp\\htdocs\\Space\\admin_operations\\save_mood.php",
        "line": 130,
        "function": "logInfo",
        "class": "ErrorLogger",
        "type": "->"
    }
]
--------------------------------------------------------------------------------
[2024-12-05 22:58:27] DATABASE_ERROR: Failed to log to database: SQLSTATE[42S22]: Column not found: 1054 Unknown column 'user_id' in 'field list'
[2024-12-06 23:06:29] DEBUG: Database connection established
Context: []
Trace: [
    {
        "file": "C:\\xampp\\htdocs\\Space\\admin_operations\\error_logger.php",
        "line": 76,
        "function": "logError",
        "class": "ErrorLogger",
        "type": "->"
    },
    {
        "file": "C:\\xampp\\htdocs\\Space\\admin_operations\\save_mood.php",
        "line": 82,
        "function": "logDebug",
        "class": "ErrorLogger",
        "type": "->"
    }
]
--------------------------------------------------------------------------------
[2024-12-06 23:06:29] DATABASE_ERROR: Failed to log to database: SQLSTATE[42S22]: Column not found: 1054 Unknown column 'user_id' in 'field list'
[2024-12-06 23:06:29] DEBUG: Preparing insert
Context: {
    "moodlog_id": "MOOD-0011",
    "data": {
        "selected_emoji": "\ud83d\ude20",
        "mood_name": "Angry",
        "description": "hahahah ...... hahahah ...... hahahah ...... hahahah ...... hahahah ...... hahahah ...... hahahah ...... hahahah ...... hahahah ...... hahahah ...... hahahah ...... hahahah ...... "
    }
}
Trace: [
    {
        "file": "C:\\xampp\\htdocs\\Space\\admin_operations\\error_logger.php",
        "line": 76,
        "function": "logError",
        "class": "ErrorLogger",
        "type": "->"
    },
    {
        "file": "C:\\xampp\\htdocs\\Space\\admin_operations\\save_mood.php",
        "line": 105,
        "function": "logDebug",
        "class": "ErrorLogger",
        "type": "->"
    }
]
--------------------------------------------------------------------------------
[2024-12-06 23:06:29] DATABASE_ERROR: Failed to log to database: SQLSTATE[42S22]: Column not found: 1054 Unknown column 'user_id' in 'field list'
[2024-12-06 23:06:29] INFO: Insert successful
Context: {
    "moodlog_id": "MOOD-0011",
    "rows_affected": 1
}
Trace: [
    {
        "file": "C:\\xampp\\htdocs\\Space\\admin_operations\\error_logger.php",
        "line": 80,
        "function": "logError",
        "class": "ErrorLogger",
        "type": "->"
    },
    {
        "file": "C:\\xampp\\htdocs\\Space\\admin_operations\\save_mood.php",
        "line": 130,
        "function": "logInfo",
        "class": "ErrorLogger",
        "type": "->"
    }
]
--------------------------------------------------------------------------------
[2024-12-06 23:06:29] DATABASE_ERROR: Failed to log to database: SQLSTATE[42S22]: Column not found: 1054 Unknown column 'user_id' in 'field list'
[2024-12-07 18:15:35] DEBUG: Database connection established
Context: []
Trace: [
    {
        "file": "C:\\xampp\\htdocs\\Space\\admin_operations\\error_logger.php",
        "line": 76,
        "function": "logError",
        "class": "ErrorLogger",
        "type": "->"
    },
    {
        "file": "C:\\xampp\\htdocs\\Space\\admin_operations\\save_mood.php",
        "line": 82,
        "function": "logDebug",
        "class": "ErrorLogger",
        "type": "->"
    }
]
--------------------------------------------------------------------------------
[2024-12-07 18:15:35] DATABASE_ERROR: Failed to log to database: SQLSTATE[42S22]: Column not found: 1054 Unknown column 'user_id' in 'field list'
[2024-12-07 18:15:35] DEBUG: Preparing insert
Context: {
    "moodlog_id": "MOOD-0012",
    "data": {
        "selected_emoji": "\ud83d\ude0a",
        "mood_name": "Happy",
        "description": "nice ..........nice ..........nice ..........nice ..........nice ..........nice ..........nice ..........nice ..........nice ..........nice .........."
    }
}
Trace: [
    {
        "file": "C:\\xampp\\htdocs\\Space\\admin_operations\\error_logger.php",
        "line": 76,
        "function": "logError",
        "class": "ErrorLogger",
        "type": "->"
    },
    {
        "file": "C:\\xampp\\htdocs\\Space\\admin_operations\\save_mood.php",
        "line": 105,
        "function": "logDebug",
        "class": "ErrorLogger",
        "type": "->"
    }
]
--------------------------------------------------------------------------------
[2024-12-07 18:15:35] DATABASE_ERROR: Failed to log to database: SQLSTATE[42S22]: Column not found: 1054 Unknown column 'user_id' in 'field list'
[2024-12-07 18:15:35] INFO: Insert successful
Context: {
    "moodlog_id": "MOOD-0012",
    "rows_affected": 1
}
Trace: [
    {
        "file": "C:\\xampp\\htdocs\\Space\\admin_operations\\error_logger.php",
        "line": 80,
        "function": "logError",
        "class": "ErrorLogger",
        "type": "->"
    },
    {
        "file": "C:\\xampp\\htdocs\\Space\\admin_operations\\save_mood.php",
        "line": 130,
        "function": "logInfo",
        "class": "ErrorLogger",
        "type": "->"
    }
]
--------------------------------------------------------------------------------
[2024-12-07 18:15:35] DATABASE_ERROR: Failed to log to database: SQLSTATE[42S22]: Column not found: 1054 Unknown column 'user_id' in 'field list'
[2024-12-13 23:17:15] DEBUG: Database connection established
Context: []
Trace: [
    {
        "file": "C:\\xampp\\htdocs\\Space\\admin_operations\\error_logger.php",
        "line": 76,
        "function": "logError",
        "class": "ErrorLogger",
        "type": "->"
    },
    {
        "file": "C:\\xampp\\htdocs\\Space\\admin_operations\\save_mood.php",
        "line": 82,
        "function": "logDebug",
        "class": "ErrorLogger",
        "type": "->"
    }
]
--------------------------------------------------------------------------------
[2024-12-13 23:17:15] DATABASE_ERROR: Failed to log to database: SQLSTATE[42S22]: Column not found: 1054 Unknown column 'user_id' in 'field list'
[2024-12-13 23:17:15] DEBUG: Preparing insert
Context: {
    "moodlog_id": "MOOD-0013",
    "data": {
        "selected_emoji": "\ud83d\ude0a",
        "mood_name": "Happy",
        "description": " nice ............ nice ............ nice ............ nice ............ nice ............ nice ............ nice ............ nice ............ nice ............ "
    }
}
Trace: [
    {
        "file": "C:\\xampp\\htdocs\\Space\\admin_operations\\error_logger.php",
        "line": 76,
        "function": "logError",
        "class": "ErrorLogger",
        "type": "->"
    },
    {
        "file": "C:\\xampp\\htdocs\\Space\\admin_operations\\save_mood.php",
        "line": 105,
        "function": "logDebug",
        "class": "ErrorLogger",
        "type": "->"
    }
]
--------------------------------------------------------------------------------
[2024-12-13 23:17:15] DATABASE_ERROR: Failed to log to database: SQLSTATE[42S22]: Column not found: 1054 Unknown column 'user_id' in 'field list'
[2024-12-13 23:17:15] INFO: Insert successful
Context: {
    "moodlog_id": "MOOD-0013",
    "rows_affected": 1
}
Trace: [
    {
        "file": "C:\\xampp\\htdocs\\Space\\admin_operations\\error_logger.php",
        "line": 80,
        "function": "logError",
        "class": "ErrorLogger",
        "type": "->"
    },
    {
        "file": "C:\\xampp\\htdocs\\Space\\admin_operations\\save_mood.php",
        "line": 130,
        "function": "logInfo",
        "class": "ErrorLogger",
        "type": "->"
    }
]
--------------------------------------------------------------------------------
[2024-12-13 23:17:15] DATABASE_ERROR: Failed to log to database: SQLSTATE[42S22]: Column not found: 1054 Unknown column 'user_id' in 'field list'
